  Building NVCC (Device) object Src/stream/CMakeFiles/Final_Project.dir/Debug/Final_Project_generated_Final_Project.cu.obj
  Final_Project.cu
CUSTOMBUILD : nvcc warning : '--device-debug (-G)' overrides '--generate-line-info (-lineinfo)'
CUSTOMBUILD : ptxas warning : Conflicting options --device-debug and --generate-line-info specified, ignoring --generate-line-info option
  ptxas info    : 0 bytes gmem
  ptxas info    : Function properties for _Z11isCongruentiii
      0 bytes stack frame, 0 bytes spill stores, 0 bytes spill loads
  ptxas info    : Function properties for _Z3powIiiLi0EENSt11conditionalIXooL_ZSt9is_same_vEL_ZSt9is_same_vEEeNS0_IXaaL_ZSt9is_same_vEL_ZSt9is_same_vEEfdE4typeEE4typeET_T0_
      8 bytes stack frame, 8 bytes spill stores, 8 bytes spill loads
  ptxas info    : Compiling entry function '_Z8testKeysP10IsPlainTxtiiiiii' for 'sm_52'
  ptxas info    : Function properties for _Z8testKeysP10IsPlainTxtiiiiii
      24 bytes stack frame, 0 bytes spill stores, 0 bytes spill loads
  ptxas info    : Used 26 registers, 352 bytes cmem[0]
  ptxas info    : Function properties for pow
      32 bytes stack frame, 32 bytes spill stores, 32 bytes spill loads
  ptxas info    : Function properties for __internal_accurate_pow
      0 bytes stack frame, 0 bytes spill stores, 0 bytes spill loads
CUSTOMBUILD : nvcc warning : '--device-debug (-G)' overrides '--generate-line-info (-lineinfo)'
  Final_Project.cu
  Building NVCC intermediate link file Src/stream/CMakeFiles/Final_Project.dir/Debug/Final_Project_intermediate_link.obj
  Final_Project_generated_Final_Project.cu.obj
  Final_Project.vcxproj -> C:\Users\rirwandy\Downloads\Final_Project\Final_Project\build\Src\stream\Debug\Final_Project.exe
